[debug] [2021-01-10T23:43:54.148Z] ----------------------------------------------------------------------
[debug] [2021-01-10T23:43:54.149Z] Command:       /usr/bin/node /usr/local/bin/firebase emulators:start
[debug] [2021-01-10T23:43:54.150Z] CLI Version:   9.1.2
[debug] [2021-01-10T23:43:54.150Z] Platform:      linux
[debug] [2021-01-10T23:43:54.150Z] Node Version:  v10.19.0
[debug] [2021-01-10T23:43:54.150Z] Time:          Sun Jan 10 2021 18:43:54 GMT-0500 (Eastern Standard Time)
[debug] [2021-01-10T23:43:54.150Z] ----------------------------------------------------------------------
[debug] [2021-01-10T23:43:54.150Z] 
[debug] [2021-01-10T23:43:54.155Z] > command requires scopes: ["email","openid","https://www.googleapis.com/auth/cloudplatformprojects.readonly","https://www.googleapis.com/auth/firebase","https://www.googleapis.com/auth/cloud-platform"]
[debug] [2021-01-10T23:43:54.155Z] > authorizing via signed-in user
[info] i  emulators: Starting emulators: functions, hosting {"metadata":{"emulator":{"name":"hub"},"message":"Starting emulators: functions, hosting"}}
[debug] [2021-01-10T23:43:54.172Z] [hub] writing locator at /tmp/hub-goodscore-dev.json
[warn] ⚠  functions: The following emulators are not running, calls to these services from the Functions emulator will affect production: auth, firestore, database, pubsub {"metadata":{"emulator":{"name":"functions"},"message":"The following emulators are not running, calls to these services from the Functions emulator will affect production: \u001b[1mauth, firestore, database, pubsub\u001b[22m"}}
[warn] ⚠  Your requested "node" version "12" doesn't match your global version "10" {"metadata":{"emulator":{"name":"functions"},"message":"Your requested \"node\" version \"12\" doesn't match your global version \"10\""}}
[debug] [2021-01-10T23:43:54.189Z] defaultcredentials: writing to file /home/edward/.config/firebase/goodscoreapp_gmail_com_application_default_credentials.json
[debug] [2021-01-10T23:43:54.190Z] Setting GAC to /home/edward/.config/firebase/goodscoreapp_gmail_com_application_default_credentials.json {"metadata":{"emulator":{"name":"functions"},"message":"Setting GAC to /home/edward/.config/firebase/goodscoreapp_gmail_com_application_default_credentials.json"}}
[debug] [2021-01-10T23:43:54.191Z] > refreshing access token with scopes: []
[debug] [2021-01-10T23:43:54.192Z] >>> HTTP REQUEST POST https://www.googleapis.com/oauth2/v3/token  
 <request body omitted>
[debug] [2021-01-10T23:43:54.366Z] <<< HTTP RESPONSE 200 {"cache-control":"no-cache, no-store, max-age=0, must-revalidate","expires":"Mon, 01 Jan 1990 00:00:00 GMT","date":"Sun, 10 Jan 2021 23:43:54 GMT","pragma":"no-cache","content-type":"application/json; charset=utf-8","vary":"X-Origin, Referer, Origin,Accept-Encoding","server":"scaffolding on HTTPServer2","x-xss-protection":"0","x-frame-options":"SAMEORIGIN","x-content-type-options":"nosniff","alt-svc":"h3-29=\":443\"; ma=2592000,h3-T051=\":443\"; ma=2592000,h3-Q050=\":443\"; ma=2592000,h3-Q046=\":443\"; ma=2592000,h3-Q043=\":443\"; ma=2592000,quic=\":443\"; ma=2592000; v=\"46,43\"","accept-ranges":"none","transfer-encoding":"chunked"}
[debug] [2021-01-10T23:43:54.386Z] >>> [apiv2][query] GET https://firebase.googleapis.com/v1beta1/projects/goodscore-dev/adminSdkConfig [none]
[debug] [2021-01-10T23:43:54.644Z] <<< [apiv2][status] GET https://firebase.googleapis.com/v1beta1/projects/goodscore-dev/adminSdkConfig 200
[debug] [2021-01-10T23:43:54.645Z] <<< [apiv2][body] GET https://firebase.googleapis.com/v1beta1/projects/goodscore-dev/adminSdkConfig {"projectId":"goodscore-dev","storageBucket":"goodscore-dev.appspot.com","locationId":"us-central"}
[debug] [2021-01-10T23:43:54.667Z] > refreshing access token with scopes: ["email","https://www.googleapis.com/auth/cloud-platform","https://www.googleapis.com/auth/cloudplatformprojects.readonly","https://www.googleapis.com/auth/firebase","openid"]
[debug] [2021-01-10T23:43:54.668Z] >>> HTTP REQUEST POST https://www.googleapis.com/oauth2/v3/token  
 <request body omitted>
[debug] [2021-01-10T23:43:54.794Z] <<< HTTP RESPONSE 200 {"pragma":"no-cache","expires":"Mon, 01 Jan 1990 00:00:00 GMT","cache-control":"no-cache, no-store, max-age=0, must-revalidate","date":"Sun, 10 Jan 2021 23:43:54 GMT","content-type":"application/json; charset=utf-8","vary":"X-Origin, Referer, Origin,Accept-Encoding","server":"scaffolding on HTTPServer2","x-xss-protection":"0","x-frame-options":"SAMEORIGIN","x-content-type-options":"nosniff","alt-svc":"h3-29=\":443\"; ma=2592000,h3-T051=\":443\"; ma=2592000,h3-Q050=\":443\"; ma=2592000,h3-Q046=\":443\"; ma=2592000,h3-Q043=\":443\"; ma=2592000,quic=\":443\"; ma=2592000; v=\"46,43\"","accept-ranges":"none","transfer-encoding":"chunked"}
[debug] [2021-01-10T23:43:54.804Z] >>> HTTP REQUEST GET https://firebase.googleapis.com/v1beta1/projects/goodscore-dev/webApps/-/config  
 
[debug] [2021-01-10T23:43:55.075Z] <<< HTTP RESPONSE 200 {"content-type":"application/json; charset=UTF-8","vary":"X-Origin, Referer, Origin,Accept-Encoding","date":"Sun, 10 Jan 2021 23:43:55 GMT","server":"ESF","cache-control":"private","x-xss-protection":"0","x-frame-options":"SAMEORIGIN","x-content-type-options":"nosniff","alt-svc":"h3-29=\":443\"; ma=2592000,h3-T051=\":443\"; ma=2592000,h3-Q050=\":443\"; ma=2592000,h3-Q046=\":443\"; ma=2592000,h3-Q043=\":443\"; ma=2592000,quic=\":443\"; ma=2592000; v=\"46,43\"","accept-ranges":"none","transfer-encoding":"chunked"}
[info] i  hosting: Serving hosting files from: build {"metadata":{"emulator":{"name":"hosting"},"message":"Serving hosting files from: \u001b[1mbuild\u001b[22m"}}
[info] ✔  hosting: Local server: http://localhost:5000 {"metadata":{"emulator":{"name":"hosting"},"message":"Local server: \u001b[4m\u001b[1mhttp://localhost:5000\u001b[22m\u001b[24m"}}
[info] i  ui: downloading ui-v1.4.1.zip... {"metadata":{"emulator":{"name":"ui"},"message":"downloading ui-v1.4.1.zip..."}}
[debug] [2021-01-10T23:43:55.125Z] >>> [apiv2][query] GET https://storage.googleapis.com/firebase-preview-drop/emulator/ui-v1.4.1.zip [none]
[debug] [2021-01-10T23:43:55.305Z] <<< [apiv2][status] GET https://storage.googleapis.com/firebase-preview-drop/emulator/ui-v1.4.1.zip 200
[debug] [2021-01-10T23:43:55.306Z] <<< [apiv2][body] GET https://storage.googleapis.com/firebase-preview-drop/emulator/ui-v1.4.1.zip [stream]
[debug] [2021-01-10T23:43:55.582Z] Ignoring unsupported arg: auto_download {"metadata":{"emulator":{"name":"ui"},"message":"Ignoring unsupported arg: auto_download"}}
[debug] [2021-01-10T23:43:55.582Z] Ignoring unsupported arg: port {"metadata":{"emulator":{"name":"ui"},"message":"Ignoring unsupported arg: port"}}
[debug] [2021-01-10T23:43:55.582Z] Starting Emulator UI with command {"binary":"node","args":["/home/edward/.cache/firebase/emulators/ui-v1.4.1/server.bundle.js"],"optionalArgs":[],"joinArgs":false} {"metadata":{"emulator":{"name":"ui"},"message":"Starting Emulator UI with command {\"binary\":\"node\",\"args\":[\"/home/edward/.cache/firebase/emulators/ui-v1.4.1/server.bundle.js\"],\"optionalArgs\":[],\"joinArgs\":false}"}}
[info] i  ui: Emulator UI logging to ui-debug.log {"metadata":{"emulator":{"name":"ui"},"message":"Emulator UI logging to \u001b[1mui-debug.log\u001b[22m"}}
[debug] [2021-01-10T23:43:55.963Z] Web / API server started at http://localhost:4000
 {"metadata":{"emulator":{"name":"ui"},"message":"Web / API server started at http://localhost:4000\n"}}
[info] i  functions: Watching "/home/edward/Desktop/goodscore/functions" for Cloud Functions... {"metadata":{"emulator":{"name":"functions"},"message":"Watching \"/home/edward/Desktop/goodscore/functions\" for Cloud Functions..."}}
[debug] [2021-01-10T23:43:56.116Z] [worker-pool] addWorker(~diagnostic~) {"metadata":{"emulator":{"name":"functions"},"message":"[worker-pool] addWorker(~diagnostic~)"}}
[debug] [2021-01-10T23:43:56.117Z] [worker-pool] Adding worker with key ~diagnostic~, total=1 {"metadata":{"emulator":{"name":"functions"},"message":"[worker-pool] Adding worker with key ~diagnostic~, total=1"}}
[debug] [2021-01-10T23:43:56.117Z] [worker-pool] submitWork(triggerId=) {"metadata":{"emulator":{"name":"functions"},"message":"[worker-pool] submitWork(triggerId=)"}}
[debug] [2021-01-10T23:43:56.118Z] [worker-~diagnostic~-7264f23e-bf0f-4d77-8577-259411d260ec]: Assigning socketPath: /tmp/fire_emu_9023.sock {"metadata":{"emulator":{"name":"functions"},"message":"[worker-~diagnostic~-7264f23e-bf0f-4d77-8577-259411d260ec]: Assigning socketPath: /tmp/fire_emu_9023.sock"}}
[debug] [2021-01-10T23:43:56.119Z] [worker-~diagnostic~-7264f23e-bf0f-4d77-8577-259411d260ec]: BUSY {"metadata":{"emulator":{"name":"functions"},"message":"[worker-~diagnostic~-7264f23e-bf0f-4d77-8577-259411d260ec]: BUSY"}}
[debug] [2021-01-10T23:43:56.548Z] [runtime-status] [9023] Functions runtime initialized. {"cwd":"/home/edward/Desktop/goodscore/functions","node_version":"10.19.0"} {"metadata":{"emulator":{"name":"functions"},"message":"[runtime-status] [9023] Functions runtime initialized. {\"cwd\":\"/home/edward/Desktop/goodscore/functions\",\"node_version\":\"10.19.0\"}"}}
[debug] [2021-01-10T23:43:56.548Z] [runtime-status] [9023] Disabled runtime features: undefined {"metadata":{"emulator":{"name":"functions"},"message":"[runtime-status] [9023] Disabled runtime features: undefined"}}
[debug] [2021-01-10T23:43:56.550Z] [runtime-status] [9023] Resolved module firebase-admin {"declared":true,"installed":true,"version":"9.4.2","resolution":"/home/edward/Desktop/goodscore/functions/node_modules/firebase-admin/lib/index.js"} {"metadata":{"emulator":{"name":"functions"},"message":"[runtime-status] [9023] Resolved module firebase-admin {\"declared\":true,\"installed\":true,\"version\":\"9.4.2\",\"resolution\":\"/home/edward/Desktop/goodscore/functions/node_modules/firebase-admin/lib/index.js\"}"}}
[debug] [2021-01-10T23:43:56.550Z] [runtime-status] [9023] Resolved module firebase-functions {"declared":true,"installed":true,"version":"3.13.0","resolution":"/home/edward/Desktop/goodscore/functions/node_modules/firebase-functions/lib/index.js"} {"metadata":{"emulator":{"name":"functions"},"message":"[runtime-status] [9023] Resolved module firebase-functions {\"declared\":true,\"installed\":true,\"version\":\"3.13.0\",\"resolution\":\"/home/edward/Desktop/goodscore/functions/node_modules/firebase-functions/lib/index.js\"}"}}
[debug] [2021-01-10T23:43:56.551Z] [runtime-status] [9023] Resolved module firebase-functions {"declared":true,"installed":true,"version":"3.13.0","resolution":"/home/edward/Desktop/goodscore/functions/node_modules/firebase-functions/lib/index.js"} {"metadata":{"emulator":{"name":"functions"},"message":"[runtime-status] [9023] Resolved module firebase-functions {\"declared\":true,\"installed\":true,\"version\":\"3.13.0\",\"resolution\":\"/home/edward/Desktop/goodscore/functions/node_modules/firebase-functions/lib/index.js\"}"}}
[debug] [2021-01-10T23:43:56.554Z] [runtime-status] [9023] Outgoing network have been stubbed. [{"name":"http","status":"mocked"},{"name":"http","status":"mocked"},{"name":"https","status":"mocked"},{"name":"https","status":"mocked"},{"name":"net","status":"mocked"}] {"metadata":{"emulator":{"name":"functions"},"message":"[runtime-status] [9023] Outgoing network have been stubbed. [{\"name\":\"http\",\"status\":\"mocked\"},{\"name\":\"http\",\"status\":\"mocked\"},{\"name\":\"https\",\"status\":\"mocked\"},{\"name\":\"https\",\"status\":\"mocked\"},{\"name\":\"net\",\"status\":\"mocked\"}]"}}
[debug] [2021-01-10T23:43:56.554Z] [runtime-status] [9023] Resolved module firebase-functions {"declared":true,"installed":true,"version":"3.13.0","resolution":"/home/edward/Desktop/goodscore/functions/node_modules/firebase-functions/lib/index.js"} {"metadata":{"emulator":{"name":"functions"},"message":"[runtime-status] [9023] Resolved module firebase-functions {\"declared\":true,\"installed\":true,\"version\":\"3.13.0\",\"resolution\":\"/home/edward/Desktop/goodscore/functions/node_modules/firebase-functions/lib/index.js\"}"}}
[debug] [2021-01-10T23:43:56.582Z] [runtime-status] [9023] Checked functions.config() {"config":{}} {"metadata":{"emulator":{"name":"functions"},"message":"[runtime-status] [9023] Checked functions.config() {\"config\":{}}"}}
[debug] [2021-01-10T23:43:56.582Z] [runtime-status] [9023] firebase-functions has been stubbed. {"functionsResolution":{"declared":true,"installed":true,"version":"3.13.0","resolution":"/home/edward/Desktop/goodscore/functions/node_modules/firebase-functions/lib/index.js"}} {"metadata":{"emulator":{"name":"functions"},"message":"[runtime-status] [9023] firebase-functions has been stubbed. {\"functionsResolution\":{\"declared\":true,\"installed\":true,\"version\":\"3.13.0\",\"resolution\":\"/home/edward/Desktop/goodscore/functions/node_modules/firebase-functions/lib/index.js\"}}"}}
[debug] [2021-01-10T23:43:56.583Z] [runtime-status] [9023] Resolved module firebase-functions {"declared":true,"installed":true,"version":"3.13.0","resolution":"/home/edward/Desktop/goodscore/functions/node_modules/firebase-functions/lib/index.js"} {"metadata":{"emulator":{"name":"functions"},"message":"[runtime-status] [9023] Resolved module firebase-functions {\"declared\":true,\"installed\":true,\"version\":\"3.13.0\",\"resolution\":\"/home/edward/Desktop/goodscore/functions/node_modules/firebase-functions/lib/index.js\"}"}}
[debug] [2021-01-10T23:43:56.583Z] [runtime-status] [9023] Resolved module firebase-admin {"declared":true,"installed":true,"version":"9.4.2","resolution":"/home/edward/Desktop/goodscore/functions/node_modules/firebase-admin/lib/index.js"} {"metadata":{"emulator":{"name":"functions"},"message":"[runtime-status] [9023] Resolved module firebase-admin {\"declared\":true,\"installed\":true,\"version\":\"9.4.2\",\"resolution\":\"/home/edward/Desktop/goodscore/functions/node_modules/firebase-admin/lib/index.js\"}"}}
[debug] [2021-01-10T23:43:56.583Z] [runtime-status] [9023] Resolved module firebase-functions {"declared":true,"installed":true,"version":"3.13.0","resolution":"/home/edward/Desktop/goodscore/functions/node_modules/firebase-functions/lib/index.js"} {"metadata":{"emulator":{"name":"functions"},"message":"[runtime-status] [9023] Resolved module firebase-functions {\"declared\":true,\"installed\":true,\"version\":\"3.13.0\",\"resolution\":\"/home/edward/Desktop/goodscore/functions/node_modules/firebase-functions/lib/index.js\"}"}}
[debug] [2021-01-10T23:43:56.583Z] [runtime-status] [9023] firebase-admin has been stubbed. {"adminResolution":{"declared":true,"installed":true,"version":"9.4.2","resolution":"/home/edward/Desktop/goodscore/functions/node_modules/firebase-admin/lib/index.js"}} {"metadata":{"emulator":{"name":"functions"},"message":"[runtime-status] [9023] firebase-admin has been stubbed. {\"adminResolution\":{\"declared\":true,\"installed\":true,\"version\":\"9.4.2\",\"resolution\":\"/home/edward/Desktop/goodscore/functions/node_modules/firebase-admin/lib/index.js\"}}"}}
[info] ✔  functions[proxyWithCorsAnywhere]: http function initialized (http://localhost:5001/goodscore-dev/us-central1/proxyWithCorsAnywhere). {"metadata":{"emulator":{"name":"functions"},"message":"\u001b[1mhttp\u001b[22m function initialized (http://localhost:5001/goodscore-dev/us-central1/proxyWithCorsAnywhere)."}}
[info] 
┌─────────────────────────────────────────────────────────────┐
│ ✔  All emulators ready! It is now safe to connect your app. │
│ i  View Emulator UI at http://localhost:4000                │
└─────────────────────────────────────────────────────────────┘

┌───────────┬────────────────┬─────────────────────────────────┐
│ Emulator  │ Host:Port      │ View in Emulator UI             │
├───────────┼────────────────┼─────────────────────────────────┤
│ Functions │ localhost:5001 │ http://localhost:4000/functions │
├───────────┼────────────────┼─────────────────────────────────┤
│ Hosting   │ localhost:5000 │ n/a                             │
└───────────┴────────────────┴─────────────────────────────────┘
  Emulator Hub running at localhost:4400
  Other reserved ports: 4500

Issues? Report them at https://github.com/firebase/firebase-tools/issues and attach the *-debug.log files.
 
[debug] [2021-01-10T23:43:56.598Z] [worker-~diagnostic~-7264f23e-bf0f-4d77-8577-259411d260ec]: IDLE {"metadata":{"emulator":{"name":"functions"},"message":"[worker-~diagnostic~-7264f23e-bf0f-4d77-8577-259411d260ec]: IDLE"}}
[debug] [2021-01-11T00:41:04.412Z] Functions emulator received unknown request at path /https://api.deezer.com/search
[debug] [2021-01-11T00:41:04.518Z] Functions emulator received unknown request at path /favicon.ico
[debug] [2021-01-11T00:42:56.461Z] [work-queue] {"queueLength":1,"workRunningCount":0}
[debug] [2021-01-11T00:42:56.462Z] [work-queue] {"queueLength":0,"workRunningCount":1}
[debug] [2021-01-11T00:42:56.462Z] Accepted request GET /goodscore-dev/us-central1/proxyWithCorsAnywhere/https://api.deezer.com/search?q=artist:beethoven --> proxyWithCorsAnywhere
[debug] [2021-01-11T00:42:56.467Z] [worker-pool] addWorker(proxyWithCorsAnywhere) {"metadata":{"emulator":{"name":"functions"},"message":"[worker-pool] addWorker(proxyWithCorsAnywhere)"}}
[debug] [2021-01-11T00:42:56.467Z] [worker-pool] Adding worker with key proxyWithCorsAnywhere, total=1 {"metadata":{"emulator":{"name":"functions"},"message":"[worker-pool] Adding worker with key proxyWithCorsAnywhere, total=1"}}
[debug] [2021-01-11T00:42:56.467Z] [worker-pool] submitWork(triggerId=proxyWithCorsAnywhere) {"metadata":{"emulator":{"name":"functions"},"message":"[worker-pool] submitWork(triggerId=proxyWithCorsAnywhere)"}}
[debug] [2021-01-11T00:42:56.467Z] [worker-proxyWithCorsAnywhere-02fe3752-f44e-4e59-8846-cc33aed81907]: Assigning socketPath: /tmp/fire_emu_12892.sock {"metadata":{"emulator":{"name":"functions"},"message":"[worker-proxyWithCorsAnywhere-02fe3752-f44e-4e59-8846-cc33aed81907]: Assigning socketPath: /tmp/fire_emu_12892.sock"}}
[debug] [2021-01-11T00:42:56.467Z] [worker-proxyWithCorsAnywhere-02fe3752-f44e-4e59-8846-cc33aed81907]: BUSY {"metadata":{"emulator":{"name":"functions"},"message":"[worker-proxyWithCorsAnywhere-02fe3752-f44e-4e59-8846-cc33aed81907]: BUSY"}}
[debug] [2021-01-11T00:42:56.843Z] [runtime-status] [12892] Functions runtime initialized. {"cwd":"/home/edward/Desktop/goodscore/functions","node_version":"10.19.0"} {"metadata":{"emulator":{"name":"functions"},"function":{"name":"proxyWithCorsAnywhere"},"message":"[runtime-status] [12892] Functions runtime initialized. {\"cwd\":\"/home/edward/Desktop/goodscore/functions\",\"node_version\":\"10.19.0\"}"}}
[debug] [2021-01-11T00:42:56.844Z] [runtime-status] [12892] Disabled runtime features: undefined {"metadata":{"emulator":{"name":"functions"},"function":{"name":"proxyWithCorsAnywhere"},"message":"[runtime-status] [12892] Disabled runtime features: undefined"}}
[debug] [2021-01-11T00:42:56.846Z] [runtime-status] [12892] Resolved module firebase-admin {"declared":true,"installed":true,"version":"9.4.2","resolution":"/home/edward/Desktop/goodscore/functions/node_modules/firebase-admin/lib/index.js"} {"metadata":{"emulator":{"name":"functions"},"function":{"name":"proxyWithCorsAnywhere"},"message":"[runtime-status] [12892] Resolved module firebase-admin {\"declared\":true,\"installed\":true,\"version\":\"9.4.2\",\"resolution\":\"/home/edward/Desktop/goodscore/functions/node_modules/firebase-admin/lib/index.js\"}"}}
[debug] [2021-01-11T00:42:56.847Z] [runtime-status] [12892] Resolved module firebase-functions {"declared":true,"installed":true,"version":"3.13.0","resolution":"/home/edward/Desktop/goodscore/functions/node_modules/firebase-functions/lib/index.js"} {"metadata":{"emulator":{"name":"functions"},"function":{"name":"proxyWithCorsAnywhere"},"message":"[runtime-status] [12892] Resolved module firebase-functions {\"declared\":true,\"installed\":true,\"version\":\"3.13.0\",\"resolution\":\"/home/edward/Desktop/goodscore/functions/node_modules/firebase-functions/lib/index.js\"}"}}
[debug] [2021-01-11T00:42:56.847Z] [runtime-status] [12892] Resolved module firebase-functions {"declared":true,"installed":true,"version":"3.13.0","resolution":"/home/edward/Desktop/goodscore/functions/node_modules/firebase-functions/lib/index.js"} {"metadata":{"emulator":{"name":"functions"},"function":{"name":"proxyWithCorsAnywhere"},"message":"[runtime-status] [12892] Resolved module firebase-functions {\"declared\":true,\"installed\":true,\"version\":\"3.13.0\",\"resolution\":\"/home/edward/Desktop/goodscore/functions/node_modules/firebase-functions/lib/index.js\"}"}}
[debug] [2021-01-11T00:42:56.850Z] [runtime-status] [12892] Outgoing network have been stubbed. [{"name":"http","status":"mocked"},{"name":"http","status":"mocked"},{"name":"https","status":"mocked"},{"name":"https","status":"mocked"},{"name":"net","status":"mocked"}] {"metadata":{"emulator":{"name":"functions"},"function":{"name":"proxyWithCorsAnywhere"},"message":"[runtime-status] [12892] Outgoing network have been stubbed. [{\"name\":\"http\",\"status\":\"mocked\"},{\"name\":\"http\",\"status\":\"mocked\"},{\"name\":\"https\",\"status\":\"mocked\"},{\"name\":\"https\",\"status\":\"mocked\"},{\"name\":\"net\",\"status\":\"mocked\"}]"}}
[debug] [2021-01-11T00:42:56.850Z] [runtime-status] [12892] Resolved module firebase-functions {"declared":true,"installed":true,"version":"3.13.0","resolution":"/home/edward/Desktop/goodscore/functions/node_modules/firebase-functions/lib/index.js"} {"metadata":{"emulator":{"name":"functions"},"function":{"name":"proxyWithCorsAnywhere"},"message":"[runtime-status] [12892] Resolved module firebase-functions {\"declared\":true,\"installed\":true,\"version\":\"3.13.0\",\"resolution\":\"/home/edward/Desktop/goodscore/functions/node_modules/firebase-functions/lib/index.js\"}"}}
[debug] [2021-01-11T00:42:56.877Z] [runtime-status] [12892] Checked functions.config() {"config":{}} {"metadata":{"emulator":{"name":"functions"},"function":{"name":"proxyWithCorsAnywhere"},"message":"[runtime-status] [12892] Checked functions.config() {\"config\":{}}"}}
[debug] [2021-01-11T00:42:56.877Z] [runtime-status] [12892] firebase-functions has been stubbed. {"functionsResolution":{"declared":true,"installed":true,"version":"3.13.0","resolution":"/home/edward/Desktop/goodscore/functions/node_modules/firebase-functions/lib/index.js"}} {"metadata":{"emulator":{"name":"functions"},"function":{"name":"proxyWithCorsAnywhere"},"message":"[runtime-status] [12892] firebase-functions has been stubbed. {\"functionsResolution\":{\"declared\":true,\"installed\":true,\"version\":\"3.13.0\",\"resolution\":\"/home/edward/Desktop/goodscore/functions/node_modules/firebase-functions/lib/index.js\"}}"}}
[debug] [2021-01-11T00:42:56.878Z] [runtime-status] [12892] Resolved module firebase-functions {"declared":true,"installed":true,"version":"3.13.0","resolution":"/home/edward/Desktop/goodscore/functions/node_modules/firebase-functions/lib/index.js"} {"metadata":{"emulator":{"name":"functions"},"function":{"name":"proxyWithCorsAnywhere"},"message":"[runtime-status] [12892] Resolved module firebase-functions {\"declared\":true,\"installed\":true,\"version\":\"3.13.0\",\"resolution\":\"/home/edward/Desktop/goodscore/functions/node_modules/firebase-functions/lib/index.js\"}"}}
[debug] [2021-01-11T00:42:56.878Z] [runtime-status] [12892] Resolved module firebase-admin {"declared":true,"installed":true,"version":"9.4.2","resolution":"/home/edward/Desktop/goodscore/functions/node_modules/firebase-admin/lib/index.js"} {"metadata":{"emulator":{"name":"functions"},"function":{"name":"proxyWithCorsAnywhere"},"message":"[runtime-status] [12892] Resolved module firebase-admin {\"declared\":true,\"installed\":true,\"version\":\"9.4.2\",\"resolution\":\"/home/edward/Desktop/goodscore/functions/node_modules/firebase-admin/lib/index.js\"}"}}
[debug] [2021-01-11T00:42:56.878Z] [runtime-status] [12892] Resolved module firebase-functions {"declared":true,"installed":true,"version":"3.13.0","resolution":"/home/edward/Desktop/goodscore/functions/node_modules/firebase-functions/lib/index.js"} {"metadata":{"emulator":{"name":"functions"},"function":{"name":"proxyWithCorsAnywhere"},"message":"[runtime-status] [12892] Resolved module firebase-functions {\"declared\":true,\"installed\":true,\"version\":\"3.13.0\",\"resolution\":\"/home/edward/Desktop/goodscore/functions/node_modules/firebase-functions/lib/index.js\"}"}}
[debug] [2021-01-11T00:42:56.878Z] [runtime-status] [12892] firebase-admin has been stubbed. {"adminResolution":{"declared":true,"installed":true,"version":"9.4.2","resolution":"/home/edward/Desktop/goodscore/functions/node_modules/firebase-admin/lib/index.js"}} {"metadata":{"emulator":{"name":"functions"},"function":{"name":"proxyWithCorsAnywhere"},"message":"[runtime-status] [12892] firebase-admin has been stubbed. {\"adminResolution\":{\"declared\":true,\"installed\":true,\"version\":\"9.4.2\",\"resolution\":\"/home/edward/Desktop/goodscore/functions/node_modules/firebase-admin/lib/index.js\"}}"}}
[debug] [2021-01-11T00:42:56.884Z] [runtime-status] [12892] Trigger "proxyWithCorsAnywhere" has been found, beginning invocation! {"metadata":{"emulator":{"name":"functions"},"function":{"name":"proxyWithCorsAnywhere"},"message":"[runtime-status] [12892] Trigger \"proxyWithCorsAnywhere\" has been found, beginning invocation!"}}
[info] i  functions: Beginning execution of "proxyWithCorsAnywhere" {"metadata":{"emulator":{"name":"functions"},"function":{"name":"proxyWithCorsAnywhere"},"message":"Beginning execution of \"proxyWithCorsAnywhere\""}}
[debug] [2021-01-11T00:42:56.885Z] [runtime-status] [12892] triggerDefinition {"httpsTrigger":{},"name":"proxyWithCorsAnywhere","entryPoint":"proxyWithCorsAnywhere"} {"metadata":{"emulator":{"name":"functions"},"function":{"name":"proxyWithCorsAnywhere"},"message":"[runtime-status] [12892] triggerDefinition {\"httpsTrigger\":{},\"name\":\"proxyWithCorsAnywhere\",\"entryPoint\":\"proxyWithCorsAnywhere\"}"}}
[debug] [2021-01-11T00:42:56.885Z] [runtime-status] [12892] Running proxyWithCorsAnywhere in mode HTTPS {"metadata":{"emulator":{"name":"functions"},"function":{"name":"proxyWithCorsAnywhere"},"message":"[runtime-status] [12892] Running proxyWithCorsAnywhere in mode HTTPS"}}
[debug] [2021-01-11T00:42:56.888Z] [runtime-status] [12892] Attempting to listen to socketPath: /tmp/fire_emu_12892.sock {"metadata":{"emulator":{"name":"functions"},"function":{"name":"proxyWithCorsAnywhere"},"message":"[runtime-status] [12892] Attempting to listen to socketPath: /tmp/fire_emu_12892.sock"}}
[debug] [2021-01-11T00:42:56.890Z] [functions] Runtime ready! Sending request! {"metadata":{"emulator":{"name":"functions"},"message":"[functions] Runtime ready! Sending request!"}}
[debug] [2021-01-11T00:42:56.895Z] [runtime-status] [12892] Ephemeral server handling GET request {"metadata":{"emulator":{"name":"functions"},"function":{"name":"proxyWithCorsAnywhere"},"message":"[runtime-status] [12892] Ephemeral server handling GET request"}}
[debug] [2021-01-11T00:42:56.902Z] [runtime-status] [12892] Ephemeral server survived. {"metadata":{"emulator":{"name":"functions"},"function":{"name":"proxyWithCorsAnywhere"},"message":"[runtime-status] [12892] Ephemeral server survived."}}
[info] i  functions: Finished "proxyWithCorsAnywhere" in ~1s {"metadata":{"emulator":{"name":"functions"},"function":{"name":"proxyWithCorsAnywhere"},"message":"Finished \"proxyWithCorsAnywhere\" in ~1s"}}
[debug] [2021-01-11T00:42:56.904Z] [worker-proxyWithCorsAnywhere-02fe3752-f44e-4e59-8846-cc33aed81907]: IDLE {"metadata":{"emulator":{"name":"functions"},"message":"[worker-proxyWithCorsAnywhere-02fe3752-f44e-4e59-8846-cc33aed81907]: IDLE"}}
[debug] [2021-01-11T00:42:56.904Z] [work-queue] {"queueLength":0,"workRunningCount":0}
[debug] [2021-01-11T00:45:33.336Z] [work-queue] {"queueLength":1,"workRunningCount":0}
[debug] [2021-01-11T00:45:33.337Z] [work-queue] {"queueLength":0,"workRunningCount":1}
[debug] [2021-01-11T00:45:33.337Z] Accepted request GET /goodscore-dev/us-central1/proxyWithCorsAnywhere/ --> proxyWithCorsAnywhere
[debug] [2021-01-11T00:45:33.338Z] [worker-pool] submitWork(triggerId=proxyWithCorsAnywhere) {"metadata":{"emulator":{"name":"functions"},"message":"[worker-pool] submitWork(triggerId=proxyWithCorsAnywhere)"}}
[debug] [2021-01-11T00:45:33.338Z] [worker-proxyWithCorsAnywhere-02fe3752-f44e-4e59-8846-cc33aed81907]: Assigning socketPath: /tmp/fire_emu_12892.sock {"metadata":{"emulator":{"name":"functions"},"message":"[worker-proxyWithCorsAnywhere-02fe3752-f44e-4e59-8846-cc33aed81907]: Assigning socketPath: /tmp/fire_emu_12892.sock"}}
[debug] [2021-01-11T00:45:33.338Z] [worker-proxyWithCorsAnywhere-02fe3752-f44e-4e59-8846-cc33aed81907]: BUSY {"metadata":{"emulator":{"name":"functions"},"message":"[worker-proxyWithCorsAnywhere-02fe3752-f44e-4e59-8846-cc33aed81907]: BUSY"}}
[debug] [2021-01-11T00:45:33.339Z] [runtime-status] [12892] Trigger "proxyWithCorsAnywhere" has been found, beginning invocation! {"metadata":{"emulator":{"name":"functions"},"function":{"name":"proxyWithCorsAnywhere"},"message":"[runtime-status] [12892] Trigger \"proxyWithCorsAnywhere\" has been found, beginning invocation!"}}
[info] i  functions: Beginning execution of "proxyWithCorsAnywhere" {"metadata":{"emulator":{"name":"functions"},"function":{"name":"proxyWithCorsAnywhere"},"message":"Beginning execution of \"proxyWithCorsAnywhere\""}}
[debug] [2021-01-11T00:45:33.339Z] [runtime-status] [12892] triggerDefinition {"httpsTrigger":{},"name":"proxyWithCorsAnywhere","entryPoint":"proxyWithCorsAnywhere"} {"metadata":{"emulator":{"name":"functions"},"function":{"name":"proxyWithCorsAnywhere"},"message":"[runtime-status] [12892] triggerDefinition {\"httpsTrigger\":{},\"name\":\"proxyWithCorsAnywhere\",\"entryPoint\":\"proxyWithCorsAnywhere\"}"}}
[debug] [2021-01-11T00:45:33.340Z] [runtime-status] [12892] Running proxyWithCorsAnywhere in mode HTTPS {"metadata":{"emulator":{"name":"functions"},"function":{"name":"proxyWithCorsAnywhere"},"message":"[runtime-status] [12892] Running proxyWithCorsAnywhere in mode HTTPS"}}
[debug] [2021-01-11T00:45:33.340Z] [runtime-status] [12892] Attempting to listen to socketPath: /tmp/fire_emu_12892.sock {"metadata":{"emulator":{"name":"functions"},"function":{"name":"proxyWithCorsAnywhere"},"message":"[runtime-status] [12892] Attempting to listen to socketPath: /tmp/fire_emu_12892.sock"}}
[debug] [2021-01-11T00:45:33.340Z] [functions] Runtime ready! Sending request! {"metadata":{"emulator":{"name":"functions"},"message":"[functions] Runtime ready! Sending request!"}}
[debug] [2021-01-11T00:45:33.342Z] [runtime-status] [12892] Ephemeral server handling GET request {"metadata":{"emulator":{"name":"functions"},"function":{"name":"proxyWithCorsAnywhere"},"message":"[runtime-status] [12892] Ephemeral server handling GET request"}}
[debug] [2021-01-11T00:45:33.343Z] [runtime-status] [12892] Ephemeral server survived. {"metadata":{"emulator":{"name":"functions"},"function":{"name":"proxyWithCorsAnywhere"},"message":"[runtime-status] [12892] Ephemeral server survived."}}
[info] i  functions: Finished "proxyWithCorsAnywhere" in ~1s {"metadata":{"emulator":{"name":"functions"},"function":{"name":"proxyWithCorsAnywhere"},"message":"Finished \"proxyWithCorsAnywhere\" in ~1s"}}
[debug] [2021-01-11T00:45:33.345Z] [worker-proxyWithCorsAnywhere-02fe3752-f44e-4e59-8846-cc33aed81907]: IDLE {"metadata":{"emulator":{"name":"functions"},"message":"[worker-proxyWithCorsAnywhere-02fe3752-f44e-4e59-8846-cc33aed81907]: IDLE"}}
[debug] [2021-01-11T00:45:33.345Z] [work-queue] {"queueLength":0,"workRunningCount":0}
[debug] [2021-01-11T00:46:03.790Z] [work-queue] {"queueLength":1,"workRunningCount":0}
[debug] [2021-01-11T00:46:03.791Z] [work-queue] {"queueLength":0,"workRunningCount":1}
[debug] [2021-01-11T00:46:03.791Z] Accepted request GET /goodscore-dev/us-central1/proxyWithCorsAnywhere/https://api.deezer.com/search?q=artist:beethoven --> proxyWithCorsAnywhere
[debug] [2021-01-11T00:46:03.791Z] [worker-pool] submitWork(triggerId=proxyWithCorsAnywhere) {"metadata":{"emulator":{"name":"functions"},"message":"[worker-pool] submitWork(triggerId=proxyWithCorsAnywhere)"}}
[debug] [2021-01-11T00:46:03.791Z] [worker-proxyWithCorsAnywhere-02fe3752-f44e-4e59-8846-cc33aed81907]: Assigning socketPath: /tmp/fire_emu_12892.sock {"metadata":{"emulator":{"name":"functions"},"message":"[worker-proxyWithCorsAnywhere-02fe3752-f44e-4e59-8846-cc33aed81907]: Assigning socketPath: /tmp/fire_emu_12892.sock"}}
[debug] [2021-01-11T00:46:03.791Z] [worker-proxyWithCorsAnywhere-02fe3752-f44e-4e59-8846-cc33aed81907]: BUSY {"metadata":{"emulator":{"name":"functions"},"message":"[worker-proxyWithCorsAnywhere-02fe3752-f44e-4e59-8846-cc33aed81907]: BUSY"}}
[debug] [2021-01-11T00:46:03.791Z] [runtime-status] [12892] Trigger "proxyWithCorsAnywhere" has been found, beginning invocation! {"metadata":{"emulator":{"name":"functions"},"function":{"name":"proxyWithCorsAnywhere"},"message":"[runtime-status] [12892] Trigger \"proxyWithCorsAnywhere\" has been found, beginning invocation!"}}
[info] i  functions: Beginning execution of "proxyWithCorsAnywhere" {"metadata":{"emulator":{"name":"functions"},"function":{"name":"proxyWithCorsAnywhere"},"message":"Beginning execution of \"proxyWithCorsAnywhere\""}}
[debug] [2021-01-11T00:46:03.792Z] [runtime-status] [12892] triggerDefinition {"httpsTrigger":{},"name":"proxyWithCorsAnywhere","entryPoint":"proxyWithCorsAnywhere"} {"metadata":{"emulator":{"name":"functions"},"function":{"name":"proxyWithCorsAnywhere"},"message":"[runtime-status] [12892] triggerDefinition {\"httpsTrigger\":{},\"name\":\"proxyWithCorsAnywhere\",\"entryPoint\":\"proxyWithCorsAnywhere\"}"}}
[debug] [2021-01-11T00:46:03.792Z] [runtime-status] [12892] Running proxyWithCorsAnywhere in mode HTTPS {"metadata":{"emulator":{"name":"functions"},"function":{"name":"proxyWithCorsAnywhere"},"message":"[runtime-status] [12892] Running proxyWithCorsAnywhere in mode HTTPS"}}
[debug] [2021-01-11T00:46:03.792Z] [runtime-status] [12892] Attempting to listen to socketPath: /tmp/fire_emu_12892.sock {"metadata":{"emulator":{"name":"functions"},"function":{"name":"proxyWithCorsAnywhere"},"message":"[runtime-status] [12892] Attempting to listen to socketPath: /tmp/fire_emu_12892.sock"}}
[debug] [2021-01-11T00:46:03.793Z] [functions] Runtime ready! Sending request! {"metadata":{"emulator":{"name":"functions"},"message":"[functions] Runtime ready! Sending request!"}}
[debug] [2021-01-11T00:46:03.794Z] [runtime-status] [12892] Ephemeral server handling GET request {"metadata":{"emulator":{"name":"functions"},"function":{"name":"proxyWithCorsAnywhere"},"message":"[runtime-status] [12892] Ephemeral server handling GET request"}}
[debug] [2021-01-11T00:46:03.794Z] [runtime-status] [12892] Ephemeral server survived. {"metadata":{"emulator":{"name":"functions"},"function":{"name":"proxyWithCorsAnywhere"},"message":"[runtime-status] [12892] Ephemeral server survived."}}
[info] i  functions: Finished "proxyWithCorsAnywhere" in ~1s {"metadata":{"emulator":{"name":"functions"},"function":{"name":"proxyWithCorsAnywhere"},"message":"Finished \"proxyWithCorsAnywhere\" in ~1s"}}
[debug] [2021-01-11T00:46:03.795Z] [worker-proxyWithCorsAnywhere-02fe3752-f44e-4e59-8846-cc33aed81907]: IDLE {"metadata":{"emulator":{"name":"functions"},"message":"[worker-proxyWithCorsAnywhere-02fe3752-f44e-4e59-8846-cc33aed81907]: IDLE"}}
[debug] [2021-01-11T00:46:03.795Z] [work-queue] {"queueLength":0,"workRunningCount":0}
